yyyy-15-04 11:15:34 [[32minfo[39m] [POST] /users - Création d'un nouvel utilisateur
yyyy-15-04 11:15:34 [[32minfo[39m] Utilisateur créé
yyyy-15-04 11:15:37 [[32minfo[39m] [POST] /login - Tentative de connexion
yyyy-15-04 11:15:37 [[32minfo[39m] Utilisateur connecté
yyyy-15-04 11:15:37 [[32minfo[39m] [GET] - Récupère la liste de tous les pays
yyyy-15-04 11:15:37 [[32minfo[39m] [GET] /users - Récupère la liste de toutes les locations
yyyy-15-04 11:15:37 [[32minfo[39m] [GET] - Récupère la liste de tous les pays
yyyy-15-04 11:15:37 [[32minfo[39m] Liste de tous les pays récupérée
yyyy-15-04 11:15:43 [[32minfo[39m] [POST] /logout - Utilisateur déconnecté
yyyy-25-04 11:25:30 [[32minfo[39m] [POST] /login - Tentative de connexion
yyyy-25-04 11:25:30 [[31merror[39m] Erreur lors de la connexion: "expiresIn" should be a number of seconds or string representing a timespan eg: "1d", "20h", 60
yyyy-25-04 11:25:35 [[32minfo[39m] [POST] /login - Tentative de connexion
yyyy-25-04 11:25:35 [[31merror[39m] Erreur lors de la connexion: "expiresIn" should be a number of seconds or string representing a timespan eg: "1d", "20h", 60
yyyy-26-04 11:26:26 [[32minfo[39m] [POST] /login - Tentative de connexion
yyyy-26-04 11:26:26 [[31merror[39m] Erreur lors de la connexion: "expiresIn" should be a number of seconds or string representing a timespan eg: "1d", "20h", 60
yyyy-26-04 11:26:32 [[32minfo[39m] [POST] /login - Tentative de connexion
yyyy-26-04 11:26:32 [[31merror[39m] Erreur lors de la connexion: "expiresIn" should be a number of seconds or string representing a timespan eg: "1d", "20h", 60
yyyy-33-04 11:33:01 [[32minfo[39m] [POST] /login - Tentative de connexion
yyyy-33-04 11:33:02 [[33mwarn[39m] Échec de connexion: email incorrect
yyyy-33-04 11:33:12 [[32minfo[39m] [POST] /login - Tentative de connexion
yyyy-33-04 11:33:12 [[33mwarn[39m] Échec de connexion: email incorrect
yyyy-33-04 11:33:36 [[32minfo[39m] [POST] /users - Création d'un nouvel utilisateur
yyyy-33-04 11:33:36 [[31merror[39m] Erreur lors de la création de l'utilisateur: la colonne « refreshToken » de la relation « users » n'existe pas
yyyy-34-04 11:34:28 [[32minfo[39m] [POST] /users - Création d'un nouvel utilisateur
yyyy-34-04 11:34:28 [[31merror[39m] Erreur lors de la création de l'utilisateur: la colonne « refreshToken » de la relation « users » n'existe pas
yyyy-36-04 11:36:17 [[32minfo[39m] [POST] /users - Création d'un nouvel utilisateur
yyyy-36-04 11:36:18 [[32minfo[39m] Utilisateur créé
yyyy-36-04 11:36:24 [[32minfo[39m] [POST] /login - Tentative de connexion
yyyy-36-04 11:36:24 [[31merror[39m] Erreur lors de la connexion: "expiresIn" should be a number of seconds or string representing a timespan eg: "1d", "20h", 60
yyyy-37-04 11:37:19 [[32minfo[39m] [POST] /login - Tentative de connexion
yyyy-37-04 11:37:19 [[31merror[39m] Erreur lors de la connexion: "expiresIn" should be a number of seconds or string representing a timespan eg: "1d", "20h", 60
yyyy-40-04 11:40:51 [[32minfo[39m] [POST] /login - Tentative de connexion
yyyy-40-04 11:40:51 [[32minfo[39m] Utilisateur connecté
yyyy-55-04 11:55:31 [[32minfo[39m] [GET] - Récupère la liste de tous les pays
yyyy-55-04 11:55:32 [[32minfo[39m] [GET] /users - Récupère la liste de toutes les locations
yyyy-55-04 11:55:32 [[32minfo[39m] [GET] - Récupère la liste de tous les pays
yyyy-55-04 11:55:32 [[32minfo[39m] Liste de tous les pays récupérée
yyyy-59-04 11:59:26 [[32minfo[39m] [GET] - Récupère la liste de tous les pays
yyyy-59-04 11:59:26 [[32minfo[39m] [GET] /users - Récupère la liste de toutes les locations
yyyy-59-04 11:59:26 [[32minfo[39m] [GET] - Récupère la liste de tous les pays
yyyy-59-04 11:59:26 [[32minfo[39m] Liste de tous les pays récupérée
yyyy-00-04 12:00:06 [[32minfo[39m] [GET] - Récupère la liste de tous les pays
yyyy-00-04 12:00:06 [[32minfo[39m] [GET] /users - Récupère la liste de toutes les locations
yyyy-00-04 12:00:06 [[32minfo[39m] [GET] - Récupère la liste de tous les pays
yyyy-00-04 12:00:06 [[32minfo[39m] Liste de tous les pays récupérée
